DEBUG   |140222 23:20:29|*** Batching successive steps (nesting level 1)
DEBUG   |140222 23:20:29|====== Starting Step number 1 ======
DEBUG   |140222 23:20:29|Kettenrad :: BREAKING STEP BEFORE SWITCHING DOMAIN
DEBUG   |140222 23:20:29|AECoreDomainInit :: New instance
DEBUG   |140222 23:20:29|----- Finished operation 1 ------
INFO    |140222 23:20:29|--------------------------------------------------------------------------------
INFO    |140222 23:20:29|Akeeba Backup 3.2.7 (2011-04-17)
INFO    |140222 23:20:29|Got backup?
INFO    |140222 23:20:29|--------------------------------------------------------------------------------
INFO    |140222 23:20:29|--- System Information ---
INFO    |140222 23:20:29|PHP Version        :5.2.12
INFO    |140222 23:20:29|OS Version         :Windows NT
INFO    |140222 23:20:29|DB Version         :5.1.40-community
INFO    |140222 23:20:29|Web Server         :Apache/2.2.4 (Win32) mod_ssl/2.2.4 OpenSSL/0.9.8k PHP/5.2.12
INFO    |140222 23:20:29|PHP Interface      :apache2handler
INFO    |140222 23:20:29|Joomla! version    :Joomla! 1.5.26 Stable [ senu takaa ama busani ] 27-March-2012 18:00 GMT
INFO    |140222 23:20:29|Opera/9.80 (Windows NT 6.1; WOW64) Presto/2.12.388 Version/12.16
INFO    |140222 23:20:29|Safe mode          :
INFO    |140222 23:20:29|Display errors     :
INFO    |140222 23:20:29|Error reporting    :E_ERROR | E_WARNING | E_PARSE | E_CORE_ERROR | E_CORE_WARNING | E_COMPILE_ERROR | E_COMPILE_WARNING | E_USER_ERROR | E_USER_WARNING | E_USER_NOTICE
INFO    |140222 23:20:29|Error display      :off
INFO    |140222 23:20:29|Disabled functions :
INFO    |140222 23:20:29|open_basedir restr.:
INFO    |140222 23:20:29|Max. exec. time    :30
INFO    |140222 23:20:29|Memory limit       :128M
INFO    |140222 23:20:29|Current mem. usage :7259936
INFO    |140222 23:20:29|GZIP Compression   : available (good)
INFO    |140222 23:20:29|JPATH_BASE         :<root>\administrator
INFO    |140222 23:20:29|JPATH_SITE         :<root>
INFO    |140222 23:20:29|JPATH_ROOT         :<root>
INFO    |140222 23:20:29|JPATH_CACHE        :<root>\administrator\cache
INFO    |140222 23:20:29|Computed root      :<root>
INFO    |140222 23:20:29|Output directory   :<root>\administrator\components\com_akeeba\backup
INFO    |140222 23:20:29|Temporary directory:X:/home/localhost/www/design1/tmp
INFO    |140222 23:20:29|--------------------------------------------------------------------------------
INFO    |140222 23:20:29|Akeeba Backup has detected the following potential problems:
INFO    |140222 23:20:29|- 203 Папка для хранения резервных копий используется (low)
INFO    |140222 23:20:29|You probably do not have to worry about them, but you should be aware of them.
INFO    |140222 23:20:29|--------------------------------------------------------------------------------
INFO    |140222 23:20:29|Loaded profile #1
DEBUG   |140222 23:20:29|Archive template name: site-[HOST]-[DATE]-[TIME]
DEBUG   |140222 23:20:29|Expanded template name: site-localhost-20140222-222029
DEBUG   |140222 23:20:29|Backup type is now set to 'dbonly'
DEBUG   |140222 23:20:29|----- Finished operation 2 ------
DEBUG   |140222 23:20:29|----- Finished operation 3 ------
DEBUG   |140222 23:20:29|Successful Smart algorithm on AECoreDomainInit
DEBUG   |140222 23:20:29|Kettenrad :: Domain 'init' has finished.
DEBUG   |140222 23:20:29|====== Finished Step number 1 ======
DEBUG   |140222 23:20:29|*** Engine steps batching: Break flag detected.
DEBUG   |140222 23:20:29|*** Batching of engine steps finished. I will now return control to the caller.
DEBUG   |140222 23:20:29|Sleeping for 1592.22102165 msec, using usleep()
DEBUG   |140222 23:20:31|Saving Kettenrad instance backend
DEBUG   |140222 23:20:31|
DEBUG   |140222 23:20:31| -- Loaded stored Akeeba Factory (backend)
DEBUG   |140222 23:20:31|====== Starting Step number 1 ======
DEBUG   |140222 23:20:31|Kettenrad :: BREAKING STEP BEFORE SWITCHING DOMAIN
DEBUG   |140222 23:20:31|AECoreDomainDb :: New instance
DEBUG   |140222 23:20:31|AECoreDomainDb :: Preparing instance
DEBUG   |140222 23:20:31|Fetching filter data from database
DEBUG   |140222 23:20:31|Loading filters
DEBUG   |140222 23:20:31|-- Loading filter PlatformFiles
DEBUG   |140222 23:20:32|-- Loading filter PlatformFolders
DEBUG   |140222 23:20:32|-- Loading filter PlatformLibraries
DEBUG   |140222 23:20:32|-- Loading filter PlatformSitedb
DEBUG   |140222 23:20:32|-- Loading filter PlatformSiteroot
DEBUG   |140222 23:20:32|-- Loading filter PlatformSkipdirs
DEBUG   |140222 23:20:32|-- Loading filter PlatformSkipfiles
DEBUG   |140222 23:20:32|-- Loading filter PlatformTabledata
DEBUG   |140222 23:20:32|-- Loading filter Directories
DEBUG   |140222 23:20:32|-- Loading filter Files
DEBUG   |140222 23:20:32|-- Loading filter Incremental
DEBUG   |140222 23:20:32|-- Loading filter Skipdirs
DEBUG   |140222 23:20:32|-- Loading filter Skipfiles
DEBUG   |140222 23:20:32|-- Loading filter Tabledata
DEBUG   |140222 23:20:32|-- Loading filter Tables
DEBUG   |140222 23:20:32|Loading optional filters
DEBUG   |140222 23:20:32|AECoreDomainDb :: Adding only main database
DEBUG   |140222 23:20:32|----- Finished operation 1 ------
DEBUG   |140222 23:20:32|AECoreDomainDb :: Iterating next database
DEBUG   |140222 23:20:32|AEDumpNative :: New instance
DEBUG   |140222 23:20:32|AEDumpNative :: Processing parameters
DEBUG   |140222 23:20:32|AEDumpNative :: Finding tables to include in the backup set
INFO    |140222 23:20:32|AEDumpNative :: Adding gxev_admintools_acl (internal name #__admintools_acl)
INFO    |140222 23:20:32|AEDumpNative :: Adding gxev_admintools_adminiplist (internal name #__admintools_adminiplist)
INFO    |140222 23:20:32|AEDumpNative :: Adding gxev_admintools_badwords (internal name #__admintools_badwords)
INFO    |140222 23:20:32|AEDumpNative :: Adding gxev_admintools_customperms (internal name #__admintools_customperms)
INFO    |140222 23:20:32|AEDumpNative :: Adding gxev_admintools_ipautoban (internal name #__admintools_ipautoban)
INFO    |140222 23:20:32|AEDumpNative :: Adding gxev_admintools_ipblock (internal name #__admintools_ipblock)
INFO    |140222 23:20:32|AEDumpNative :: Adding gxev_admintools_log (internal name #__admintools_log)
INFO    |140222 23:20:32|AEDumpNative :: Adding gxev_admintools_redirects (internal name #__admintools_redirects)
INFO    |140222 23:20:32|AEDumpNative :: Adding gxev_admintools_wafexceptions (internal name #__admintools_wafexceptions)
INFO    |140222 23:20:32|AEDumpNative :: Adding gxev_ak_acl (internal name #__ak_acl)
INFO    |140222 23:20:32|AEDumpNative :: Adding gxev_ak_profiles (internal name #__ak_profiles)
INFO    |140222 23:20:32|AEDumpNative :: Adding gxev_ak_stats (internal name #__ak_stats)
INFO    |140222 23:20:32|AEDumpNative :: Adding gxev_banner (internal name #__banner)
INFO    |140222 23:20:32|AEDumpNative :: Adding gxev_bannerclient (internal name #__bannerclient)
INFO    |140222 23:20:32|AEDumpNative :: Adding gxev_bannertrack (internal name #__bannertrack)
INFO    |140222 23:20:32|AEDumpNative :: Adding gxev_categories (internal name #__categories)
INFO    |140222 23:20:32|AEDumpNative :: Adding gxev_chrono_contact (internal name #__chrono_contact)
INFO    |140222 23:20:32|AEDumpNative :: Adding gxev_chrono_contact_elements (internal name #__chrono_contact_elements)
INFO    |140222 23:20:32|AEDumpNative :: Adding gxev_chrono_contact_emails (internal name #__chrono_contact_emails)
INFO    |140222 23:20:32|AEDumpNative :: Adding gxev_chrono_contact_plugins (internal name #__chrono_contact_plugins)
INFO    |140222 23:20:32|AEDumpNative :: Adding gxev_chronoforms_formcorals (internal name #__chronoforms_formcorals)
INFO    |140222 23:20:32|AEDumpNative :: Adding gxev_chronoforms_formpeterhof (internal name #__chronoforms_formpeterhof)
INFO    |140222 23:20:32|AEDumpNative :: Adding gxev_components (internal name #__components)
INFO    |140222 23:20:32|AEDumpNative :: Adding gxev_contact_details (internal name #__contact_details)
INFO    |140222 23:20:32|AEDumpNative :: Adding gxev_content (internal name #__content)
INFO    |140222 23:20:32|AEDumpNative :: Adding gxev_content_frontpage (internal name #__content_frontpage)
INFO    |140222 23:20:32|AEDumpNative :: Adding gxev_content_rating (internal name #__content_rating)
INFO    |140222 23:20:32|AEDumpNative :: Adding gxev_core_acl_aro (internal name #__core_acl_aro)
INFO    |140222 23:20:32|AEDumpNative :: Adding gxev_core_acl_aro_groups (internal name #__core_acl_aro_groups)
INFO    |140222 23:20:32|AEDumpNative :: Adding gxev_core_acl_aro_map (internal name #__core_acl_aro_map)
INFO    |140222 23:20:32|AEDumpNative :: Adding gxev_core_acl_aro_sections (internal name #__core_acl_aro_sections)
INFO    |140222 23:20:32|AEDumpNative :: Adding gxev_core_acl_groups_aro_map (internal name #__core_acl_groups_aro_map)
INFO    |140222 23:20:32|AEDumpNative :: Adding gxev_core_log_items (internal name #__core_log_items)
INFO    |140222 23:20:32|AEDumpNative :: Adding gxev_core_log_searches (internal name #__core_log_searches)
INFO    |140222 23:20:32|AEDumpNative :: Adding gxev_fgallery_galleries (internal name #__fgallery_galleries)
INFO    |140222 23:20:32|AEDumpNative :: Adding gxev_fgallery_gallery_images (internal name #__fgallery_gallery_images)
INFO    |140222 23:20:32|AEDumpNative :: Adding gxev_fgallery_gallery_settings (internal name #__fgallery_gallery_settings)
INFO    |140222 23:20:32|AEDumpNative :: Adding gxev_fgallery_images (internal name #__fgallery_images)
INFO    |140222 23:20:32|AEDumpNative :: Adding gxev_groups (internal name #__groups)
INFO    |140222 23:20:32|AEDumpNative :: Adding gxev_menu (internal name #__menu)
INFO    |140222 23:20:32|AEDumpNative :: Adding gxev_menu_types (internal name #__menu_types)
INFO    |140222 23:20:32|AEDumpNative :: Adding gxev_messages (internal name #__messages)
INFO    |140222 23:20:32|AEDumpNative :: Adding gxev_messages_cfg (internal name #__messages_cfg)
INFO    |140222 23:20:32|AEDumpNative :: Adding gxev_migration_backlinks (internal name #__migration_backlinks)
INFO    |140222 23:20:32|AEDumpNative :: Adding gxev_modules (internal name #__modules)
INFO    |140222 23:20:32|AEDumpNative :: Adding gxev_modules_menu (internal name #__modules_menu)
INFO    |140222 23:20:32|AEDumpNative :: Adding gxev_newsfeeds (internal name #__newsfeeds)
INFO    |140222 23:20:32|AEDumpNative :: Adding gxev_oneclickaction_actions (internal name #__oneclickaction_actions)
INFO    |140222 23:20:32|AEDumpNative :: Adding gxev_phocagallery (internal name #__phocagallery)
INFO    |140222 23:20:32|AEDumpNative :: Adding gxev_phocagallery_categories (internal name #__phocagallery_categories)
INFO    |140222 23:20:32|AEDumpNative :: Adding gxev_phocagallery_comments (internal name #__phocagallery_comments)
INFO    |140222 23:20:32|AEDumpNative :: Adding gxev_phocagallery_img_comments (internal name #__phocagallery_img_comments)
INFO    |140222 23:20:32|AEDumpNative :: Adding gxev_phocagallery_img_votes (internal name #__phocagallery_img_votes)
INFO    |140222 23:20:32|AEDumpNative :: Adding gxev_phocagallery_img_votes_statistics (internal name #__phocagallery_img_votes_statistics)
INFO    |140222 23:20:32|AEDumpNative :: Adding gxev_phocagallery_user (internal name #__phocagallery_user)
INFO    |140222 23:20:32|AEDumpNative :: Adding gxev_phocagallery_votes (internal name #__phocagallery_votes)
INFO    |140222 23:20:32|AEDumpNative :: Adding gxev_phocagallery_votes_statistics (internal name #__phocagallery_votes_statistics)
INFO    |140222 23:20:32|AEDumpNative :: Adding gxev_plugins (internal name #__plugins)
INFO    |140222 23:20:32|AEDumpNative :: Adding gxev_poll_data (internal name #__poll_data)
INFO    |140222 23:20:32|AEDumpNative :: Adding gxev_poll_date (internal name #__poll_date)
INFO    |140222 23:20:32|AEDumpNative :: Adding gxev_poll_menu (internal name #__poll_menu)
INFO    |140222 23:20:32|AEDumpNative :: Adding gxev_polls (internal name #__polls)
INFO    |140222 23:20:32|AEDumpNative :: Adding gxev_sections (internal name #__sections)
INFO    |140222 23:20:32|AEDumpNative :: Adding gxev_sef_statistics (internal name #__sef_statistics)
INFO    |140222 23:20:32|AEDumpNative :: Adding gxev_sef_subdomains (internal name #__sef_subdomains)
INFO    |140222 23:20:32|AEDumpNative :: Adding gxev_sefaliases_bak (internal name #__sefaliases_bak)
INFO    |140222 23:20:32|AEDumpNative :: Adding gxev_sefexts_bak (internal name #__sefexts_bak)
INFO    |140222 23:20:32|AEDumpNative :: Adding gxev_sefexttexts_bak (internal name #__sefexttexts_bak)
INFO    |140222 23:20:32|AEDumpNative :: Adding gxev_seflog (internal name #__seflog)
INFO    |140222 23:20:32|AEDumpNative :: Adding gxev_sefmoved_bak (internal name #__sefmoved_bak)
INFO    |140222 23:20:32|AEDumpNative :: Adding gxev_sefurls_bak (internal name #__sefurls_bak)
INFO    |140222 23:20:32|AEDumpNative :: Adding gxev_sefurlword_xref_bak (internal name #__sefurlword_xref_bak)
INFO    |140222 23:20:32|AEDumpNative :: Adding gxev_sefwords_bak (internal name #__sefwords_bak)
INFO    |140222 23:20:32|AEDumpNative :: Adding gxev_session (internal name #__session)
INFO    |140222 23:20:32|AEDumpNative :: Adding gxev_stats_agents (internal name #__stats_agents)
INFO    |140222 23:20:32|AEDumpNative :: Adding gxev_templates_menu (internal name #__templates_menu)
INFO    |140222 23:20:32|AEDumpNative :: Adding gxev_users (internal name #__users)
INFO    |140222 23:20:32|AEDumpNative :: Adding gxev_weblinks (internal name #__weblinks)
INFO    |140222 23:20:32|AEDumpNative :: Adding gxev_wf_profiles (internal name #__wf_profiles)
INFO    |140222 23:20:32|AEDumpNative :: Adding gxev_xmap (internal name #__xmap)
INFO    |140222 23:20:32|AEDumpNative :: Adding gxev_xmap_ext (internal name #__xmap_ext)
INFO    |140222 23:20:32|AEDumpNative :: Adding gxev_xmap_items (internal name #__xmap_items)
INFO    |140222 23:20:32|AEDumpNative :: Adding gxev_xmap_sitemap (internal name #__xmap_sitemap)
DEBUG   |140222 23:20:32|AEDumpNative :: Starting CREATE TABLE and dependency scanning
DEBUG   |140222 23:20:32|AEDumpNative :: Got database connection
DEBUG   |140222 23:20:32|AEDumpNative :: Got SHOW TABLES
DEBUG   |140222 23:20:32|AEDumpNative :: Got table list
DEBUG   |140222 23:20:32|AEDumpNative :: Processed dependencies
DEBUG   |140222 23:20:32|XXX AEAbstractDump :: Getting temporary file
DEBUG   |140222 23:20:32|XXX AEAbstractDump :: Temporary file is X:/home/localhost/www/design1/tmp/82c24e0b.sql
DEBUG   |140222 23:20:32|AkeebaDomainDBBackup :: SQL temp file is X:/home/localhost/www/design1/tmp/82c24e0b.sql
DEBUG   |140222 23:20:32|AkeebaDomainDBBackup :: SQL file location in archive is <root>/administrator/components/com_akeeba/backup/site-localhost-20140222-222029.sql
DEBUG   |140222 23:20:32|AkeebaDomainDBBackup :: Deleting leftover files, if any
DEBUG   |140222 23:20:32|AEDumpNative :: Initializing algorithm for first run
DEBUG   |140222 23:20:32|----- Finished operation 2 ------
DEBUG   |140222 23:20:32|Rows on #__admintools_acl : 0
DEBUG   |140222 23:20:32|Done dumping #__admintools_acl
DEBUG   |140222 23:20:32|----- Finished operation 3 ------
DEBUG   |140222 23:20:32|Rows on #__admintools_adminiplist : 0
DEBUG   |140222 23:20:32|Done dumping #__admintools_adminiplist
DEBUG   |140222 23:20:32|----- Finished operation 4 ------
DEBUG   |140222 23:20:32|Rows on #__admintools_badwords : 0
DEBUG   |140222 23:20:32|Done dumping #__admintools_badwords
DEBUG   |140222 23:20:32|----- Finished operation 5 ------
DEBUG   |140222 23:20:32|Rows on #__admintools_customperms : 0
DEBUG   |140222 23:20:32|Done dumping #__admintools_customperms
DEBUG   |140222 23:20:32|----- Finished operation 6 ------
DEBUG   |140222 23:20:32|Rows on #__admintools_ipautoban : 0
DEBUG   |140222 23:20:32|Done dumping #__admintools_ipautoban
DEBUG   |140222 23:20:32|----- Finished operation 7 ------
DEBUG   |140222 23:20:32|Rows on #__admintools_ipblock : 0
DEBUG   |140222 23:20:32|Done dumping #__admintools_ipblock
DEBUG   |140222 23:20:32|----- Finished operation 8 ------
DEBUG   |140222 23:20:32|Rows on #__admintools_log : 0
DEBUG   |140222 23:20:32|Done dumping #__admintools_log
DEBUG   |140222 23:20:32|----- Finished operation 9 ------
DEBUG   |140222 23:20:32|Rows on #__admintools_redirects : 0
DEBUG   |140222 23:20:32|Done dumping #__admintools_redirects
DEBUG   |140222 23:20:32|----- Finished operation 10 ------
DEBUG   |140222 23:20:32|Rows on #__admintools_wafexceptions : 0
DEBUG   |140222 23:20:32|Done dumping #__admintools_wafexceptions
DEBUG   |140222 23:20:32|----- Finished operation 11 ------
DEBUG   |140222 23:20:32|Rows on #__ak_acl : 0
DEBUG   |140222 23:20:32|Done dumping #__ak_acl
DEBUG   |140222 23:20:32|----- Finished operation 12 ------
DEBUG   |140222 23:20:32|Rows on #__ak_profiles : 1
INFO    |140222 23:20:32|Beginning dump of #__ak_profiles
DEBUG   |140222 23:20:32|Done dumping #__ak_profiles
DEBUG   |140222 23:20:32|----- Finished operation 13 ------
DEBUG   |140222 23:20:32|Rows on #__ak_stats : 12
INFO    |140222 23:20:32|Beginning dump of #__ak_stats
DEBUG   |140222 23:20:32|Done dumping #__ak_stats
DEBUG   |140222 23:20:32|----- Finished operation 14 ------
DEBUG   |140222 23:20:32|Rows on #__banner : 8
INFO    |140222 23:20:32|Beginning dump of #__banner
DEBUG   |140222 23:20:32|Done dumping #__banner
DEBUG   |140222 23:20:32|----- Finished operation 15 ------
DEBUG   |140222 23:20:32|Rows on #__bannerclient : 1
INFO    |140222 23:20:32|Beginning dump of #__bannerclient
DEBUG   |140222 23:20:32|Done dumping #__bannerclient
DEBUG   |140222 23:20:32|----- Finished operation 16 ------
DEBUG   |140222 23:20:32|Rows on #__bannertrack : 0
DEBUG   |140222 23:20:32|Done dumping #__bannertrack
DEBUG   |140222 23:20:32|----- Finished operation 17 ------
DEBUG   |140222 23:20:32|Rows on #__categories : 17
INFO    |140222 23:20:32|Beginning dump of #__categories
DEBUG   |140222 23:20:32|Done dumping #__categories
DEBUG   |140222 23:20:32|----- Finished operation 18 ------
DEBUG   |140222 23:20:32|Rows on #__chrono_contact : 1
INFO    |140222 23:20:32|Beginning dump of #__chrono_contact
DEBUG   |140222 23:20:32|Done dumping #__chrono_contact
DEBUG   |140222 23:20:32|----- Finished operation 19 ------
DEBUG   |140222 23:20:32|Rows on #__chrono_contact_elements : 0
DEBUG   |140222 23:20:32|Done dumping #__chrono_contact_elements
DEBUG   |140222 23:20:32|----- Finished operation 20 ------
DEBUG   |140222 23:20:32|Rows on #__chrono_contact_emails : 1
INFO    |140222 23:20:32|Beginning dump of #__chrono_contact_emails
DEBUG   |140222 23:20:32|Done dumping #__chrono_contact_emails
DEBUG   |140222 23:20:32|----- Finished operation 21 ------
DEBUG   |140222 23:20:32|Rows on #__chrono_contact_plugins : 0
DEBUG   |140222 23:20:32|Done dumping #__chrono_contact_plugins
DEBUG   |140222 23:20:32|----- Finished operation 22 ------
DEBUG   |140222 23:20:32|Rows on #__chronoforms_formcorals : 0
DEBUG   |140222 23:20:32|Done dumping #__chronoforms_formcorals
DEBUG   |140222 23:20:32|----- Finished operation 23 ------
DEBUG   |140222 23:20:32|Rows on #__chronoforms_formpeterhof : 0
DEBUG   |140222 23:20:32|Done dumping #__chronoforms_formpeterhof
DEBUG   |140222 23:20:32|----- Finished operation 24 ------
DEBUG   |140222 23:20:32|Rows on #__components : 61
INFO    |140222 23:20:32|Beginning dump of #__components
DEBUG   |140222 23:20:32|Done dumping #__components
DEBUG   |140222 23:20:32|----- Finished operation 25 ------
DEBUG   |140222 23:20:32|Rows on #__contact_details : 2
INFO    |140222 23:20:32|Beginning dump of #__contact_details
DEBUG   |140222 23:20:32|Done dumping #__contact_details
DEBUG   |140222 23:20:32|----- Finished operation 26 ------
DEBUG   |140222 23:20:32|Rows on #__content : 10
INFO    |140222 23:20:32|Beginning dump of #__content
DEBUG   |140222 23:20:32|Done dumping #__content
DEBUG   |140222 23:20:32|----- Finished operation 27 ------
DEBUG   |140222 23:20:32|Rows on #__content_frontpage : 0
DEBUG   |140222 23:20:32|Done dumping #__content_frontpage
DEBUG   |140222 23:20:32|----- Finished operation 28 ------
DEBUG   |140222 23:20:32|Rows on #__content_rating : 0
DEBUG   |140222 23:20:32|Done dumping #__content_rating
DEBUG   |140222 23:20:32|----- Finished operation 29 ------
DEBUG   |140222 23:20:32|Rows on #__core_acl_aro : 2
INFO    |140222 23:20:32|Beginning dump of #__core_acl_aro
DEBUG   |140222 23:20:32|Done dumping #__core_acl_aro
DEBUG   |140222 23:20:32|----- Finished operation 30 ------
DEBUG   |140222 23:20:32|Rows on #__core_acl_aro_groups : 11
INFO    |140222 23:20:32|Beginning dump of #__core_acl_aro_groups
DEBUG   |140222 23:20:32|Done dumping #__core_acl_aro_groups
DEBUG   |140222 23:20:32|----- Finished operation 31 ------
DEBUG   |140222 23:20:32|Rows on #__core_acl_aro_map : 0
DEBUG   |140222 23:20:32|Done dumping #__core_acl_aro_map
DEBUG   |140222 23:20:32|----- Finished operation 32 ------
DEBUG   |140222 23:20:32|Rows on #__core_acl_aro_sections : 1
INFO    |140222 23:20:32|Beginning dump of #__core_acl_aro_sections
DEBUG   |140222 23:20:32|Done dumping #__core_acl_aro_sections
DEBUG   |140222 23:20:32|----- Finished operation 33 ------
DEBUG   |140222 23:20:32|Rows on #__core_acl_groups_aro_map : 2
INFO    |140222 23:20:32|Beginning dump of #__core_acl_groups_aro_map
DEBUG   |140222 23:20:32|Done dumping #__core_acl_groups_aro_map
DEBUG   |140222 23:20:32|----- Finished operation 34 ------
DEBUG   |140222 23:20:33|Rows on #__core_log_items : 0
DEBUG   |140222 23:20:33|Done dumping #__core_log_items
DEBUG   |140222 23:20:33|----- Finished operation 35 ------
DEBUG   |140222 23:20:33|Rows on #__core_log_searches : 0
DEBUG   |140222 23:20:33|Done dumping #__core_log_searches
DEBUG   |140222 23:20:33|----- Finished operation 36 ------
DEBUG   |140222 23:20:33|Rows on #__fgallery_galleries : 1
INFO    |140222 23:20:33|Beginning dump of #__fgallery_galleries
DEBUG   |140222 23:20:33|Done dumping #__fgallery_galleries
DEBUG   |140222 23:20:33|----- Finished operation 37 ------
DEBUG   |140222 23:20:33|Rows on #__fgallery_gallery_images : 0
DEBUG   |140222 23:20:33|Done dumping #__fgallery_gallery_images
DEBUG   |140222 23:20:33|----- Finished operation 38 ------
DEBUG   |140222 23:20:33|Rows on #__fgallery_gallery_settings : 1
INFO    |140222 23:20:33|Beginning dump of #__fgallery_gallery_settings
DEBUG   |140222 23:20:33|Done dumping #__fgallery_gallery_settings
DEBUG   |140222 23:20:33|----- Finished operation 39 ------
DEBUG   |140222 23:20:33|Rows on #__fgallery_images : 3
INFO    |140222 23:20:33|Beginning dump of #__fgallery_images
DEBUG   |140222 23:20:33|Done dumping #__fgallery_images
DEBUG   |140222 23:20:33|----- Finished operation 40 ------
DEBUG   |140222 23:20:33|Rows on #__groups : 3
INFO    |140222 23:20:33|Beginning dump of #__groups
DEBUG   |140222 23:20:33|Done dumping #__groups
DEBUG   |140222 23:20:33|----- Finished operation 41 ------
DEBUG   |140222 23:20:33|Rows on #__menu : 31
INFO    |140222 23:20:33|Beginning dump of #__menu
DEBUG   |140222 23:20:33|Writing 191266 bytes to the dump file
DEBUG   |140222 23:20:33|Done dumping #__menu
DEBUG   |140222 23:20:33|----- Finished operation 42 ------
DEBUG   |140222 23:20:33|Rows on #__menu_types : 1
INFO    |140222 23:20:33|Beginning dump of #__menu_types
DEBUG   |140222 23:20:33|Done dumping #__menu_types
DEBUG   |140222 23:20:33|----- Finished operation 43 ------
DEBUG   |140222 23:20:33|Rows on #__messages : 0
DEBUG   |140222 23:20:33|Done dumping #__messages
DEBUG   |140222 23:20:33|----- Finished operation 44 ------
DEBUG   |140222 23:20:33|Rows on #__messages_cfg : 0
DEBUG   |140222 23:20:33|Done dumping #__messages_cfg
DEBUG   |140222 23:20:33|----- Finished operation 45 ------
DEBUG   |140222 23:20:33|Rows on #__migration_backlinks : 0
DEBUG   |140222 23:20:33|Done dumping #__migration_backlinks
DEBUG   |140222 23:20:33|----- Finished operation 46 ------
DEBUG   |140222 23:20:33|Rows on #__modules : 28
INFO    |140222 23:20:33|Beginning dump of #__modules
DEBUG   |140222 23:20:33|Done dumping #__modules
DEBUG   |140222 23:20:33|----- Finished operation 47 ------
DEBUG   |140222 23:20:33|Rows on #__modules_menu : 52
INFO    |140222 23:20:33|Beginning dump of #__modules_menu
DEBUG   |140222 23:20:33|Done dumping #__modules_menu
DEBUG   |140222 23:20:33|----- Finished operation 48 ------
DEBUG   |140222 23:20:33|Rows on #__newsfeeds : 14
INFO    |140222 23:20:33|Beginning dump of #__newsfeeds
DEBUG   |140222 23:20:33|Done dumping #__newsfeeds
DEBUG   |140222 23:20:33|----- Finished operation 49 ------
DEBUG   |140222 23:20:33|Rows on #__oneclickaction_actions : 2
INFO    |140222 23:20:33|Beginning dump of #__oneclickaction_actions
DEBUG   |140222 23:20:33|Done dumping #__oneclickaction_actions
DEBUG   |140222 23:20:33|----- Finished operation 50 ------
DEBUG   |140222 23:20:33|Rows on #__phocagallery : 56
INFO    |140222 23:20:33|Beginning dump of #__phocagallery
DEBUG   |140222 23:20:33|Done dumping #__phocagallery
DEBUG   |140222 23:20:33|----- Finished operation 51 ------
DEBUG   |140222 23:20:33|Rows on #__phocagallery_categories : 12
INFO    |140222 23:20:33|Beginning dump of #__phocagallery_categories
DEBUG   |140222 23:20:33|Done dumping #__phocagallery_categories
DEBUG   |140222 23:20:33|----- Finished operation 52 ------
DEBUG   |140222 23:20:33|Rows on #__phocagallery_comments : 0
DEBUG   |140222 23:20:33|Done dumping #__phocagallery_comments
DEBUG   |140222 23:20:33|----- Finished operation 53 ------
DEBUG   |140222 23:20:33|Rows on #__phocagallery_img_comments : 0
DEBUG   |140222 23:20:33|Done dumping #__phocagallery_img_comments
DEBUG   |140222 23:20:33|----- Finished operation 54 ------
DEBUG   |140222 23:20:33|Rows on #__phocagallery_img_votes : 0
DEBUG   |140222 23:20:33|Done dumping #__phocagallery_img_votes
DEBUG   |140222 23:20:33|----- Finished operation 55 ------
DEBUG   |140222 23:20:33|Rows on #__phocagallery_img_votes_statistics : 0
DEBUG   |140222 23:20:33|Done dumping #__phocagallery_img_votes_statistics
DEBUG   |140222 23:20:33|----- Finished operation 56 ------
DEBUG   |140222 23:20:33|Rows on #__phocagallery_user : 1
INFO    |140222 23:20:33|Beginning dump of #__phocagallery_user
DEBUG   |140222 23:20:33|Done dumping #__phocagallery_user
DEBUG   |140222 23:20:33|----- Finished operation 57 ------
DEBUG   |140222 23:20:33|Rows on #__phocagallery_votes : 0
DEBUG   |140222 23:20:33|Done dumping #__phocagallery_votes
DEBUG   |140222 23:20:33|----- Finished operation 58 ------
DEBUG   |140222 23:20:33|Rows on #__phocagallery_votes_statistics : 0
DEBUG   |140222 23:20:33|Done dumping #__phocagallery_votes_statistics
DEBUG   |140222 23:20:33|----- Finished operation 59 ------
DEBUG   |140222 23:20:33|Rows on #__plugins : 50
INFO    |140222 23:20:33|Beginning dump of #__plugins
DEBUG   |140222 23:20:33|Done dumping #__plugins
DEBUG   |140222 23:20:33|----- Finished operation 60 ------
DEBUG   |140222 23:20:33|Rows on #__poll_data : 12
INFO    |140222 23:20:33|Beginning dump of #__poll_data
DEBUG   |140222 23:20:33|Done dumping #__poll_data
DEBUG   |140222 23:20:33|----- Finished operation 61 ------
DEBUG   |140222 23:20:33|Rows on #__poll_date : 12
INFO    |140222 23:20:33|Beginning dump of #__poll_date
DEBUG   |140222 23:20:33|Done dumping #__poll_date
DEBUG   |140222 23:20:33|----- Finished operation 62 ------
DEBUG   |140222 23:20:33|Rows on #__poll_menu : 0
DEBUG   |140222 23:20:33|Done dumping #__poll_menu
DEBUG   |140222 23:20:33|----- Finished operation 63 ------
DEBUG   |140222 23:20:33|Rows on #__polls : 1
INFO    |140222 23:20:33|Beginning dump of #__polls
DEBUG   |140222 23:20:33|Done dumping #__polls
DEBUG   |140222 23:20:33|----- Finished operation 64 ------
DEBUG   |140222 23:20:33|Rows on #__sections : 1
INFO    |140222 23:20:33|Beginning dump of #__sections
DEBUG   |140222 23:20:33|Done dumping #__sections
DEBUG   |140222 23:20:33|----- Finished operation 65 ------
DEBUG   |140222 23:20:33|Rows on #__sef_statistics : 0
DEBUG   |140222 23:20:33|Done dumping #__sef_statistics
DEBUG   |140222 23:20:33|----- Finished operation 66 ------
DEBUG   |140222 23:20:33|Rows on #__sef_subdomains : 0
DEBUG   |140222 23:20:33|Done dumping #__sef_subdomains
DEBUG   |140222 23:20:33|----- Finished operation 67 ------
DEBUG   |140222 23:20:33|Rows on #__sefaliases_bak : 0
DEBUG   |140222 23:20:33|Done dumping #__sefaliases_bak
DEBUG   |140222 23:20:33|----- Finished operation 68 ------
DEBUG   |140222 23:20:33|Rows on #__sefexts_bak : 2
INFO    |140222 23:20:33|Beginning dump of #__sefexts_bak
DEBUG   |140222 23:20:33|Done dumping #__sefexts_bak
DEBUG   |140222 23:20:33|----- Finished operation 69 ------
DEBUG   |140222 23:20:33|Rows on #__sefexttexts_bak : 0
DEBUG   |140222 23:20:33|Done dumping #__sefexttexts_bak
DEBUG   |140222 23:20:33|----- Finished operation 70 ------
DEBUG   |140222 23:20:33|Rows on #__seflog : 0
DEBUG   |140222 23:20:33|Done dumping #__seflog
DEBUG   |140222 23:20:33|----- Finished operation 71 ------
DEBUG   |140222 23:20:33|Rows on #__sefmoved_bak : 1
INFO    |140222 23:20:33|Beginning dump of #__sefmoved_bak
DEBUG   |140222 23:20:33|Done dumping #__sefmoved_bak
DEBUG   |140222 23:20:33|----- Finished operation 72 ------
DEBUG   |140222 23:20:33|Rows on #__sefurls_bak : 13
INFO    |140222 23:20:33|Beginning dump of #__sefurls_bak
DEBUG   |140222 23:20:33|Done dumping #__sefurls_bak
DEBUG   |140222 23:20:33|----- Finished operation 73 ------
DEBUG   |140222 23:20:33|Rows on #__sefurlword_xref_bak : 0
DEBUG   |140222 23:20:33|Done dumping #__sefurlword_xref_bak
DEBUG   |140222 23:20:33|----- Finished operation 74 ------
DEBUG   |140222 23:20:33|Rows on #__sefwords_bak : 0
DEBUG   |140222 23:20:33|Done dumping #__sefwords_bak
DEBUG   |140222 23:20:33|----- Finished operation 75 ------
INFO    |140222 23:20:33|Skipping dumping data of #__session
DEBUG   |140222 23:20:33|Done dumping #__session
DEBUG   |140222 23:20:33|----- Finished operation 76 ------
DEBUG   |140222 23:20:33|Rows on #__stats_agents : 0
DEBUG   |140222 23:20:33|Done dumping #__stats_agents
DEBUG   |140222 23:20:33|----- Finished operation 77 ------
DEBUG   |140222 23:20:33|Rows on #__templates_menu : 2
INFO    |140222 23:20:33|Beginning dump of #__templates_menu
DEBUG   |140222 23:20:33|Done dumping #__templates_menu
DEBUG   |140222 23:20:33|----- Finished operation 78 ------
DEBUG   |140222 23:20:33|Rows on #__users : 2
INFO    |140222 23:20:33|Beginning dump of #__users
DEBUG   |140222 23:20:33|Done dumping #__users
DEBUG   |140222 23:20:33|----- Finished operation 79 ------
DEBUG   |140222 23:20:33|Rows on #__weblinks : 6
INFO    |140222 23:20:33|Beginning dump of #__weblinks
DEBUG   |140222 23:20:33|Done dumping #__weblinks
DEBUG   |140222 23:20:33|----- Finished operation 80 ------
DEBUG   |140222 23:20:33|Rows on #__wf_profiles : 2
INFO    |140222 23:20:33|Beginning dump of #__wf_profiles
DEBUG   |140222 23:20:33|Done dumping #__wf_profiles
DEBUG   |140222 23:20:33|----- Finished operation 81 ------
DEBUG   |140222 23:20:33|Rows on #__xmap : 13
INFO    |140222 23:20:33|Beginning dump of #__xmap
DEBUG   |140222 23:20:33|Done dumping #__xmap
DEBUG   |140222 23:20:33|----- Finished operation 82 ------
DEBUG   |140222 23:20:33|Rows on #__xmap_ext : 29
INFO    |140222 23:20:33|Beginning dump of #__xmap_ext
DEBUG   |140222 23:20:33|Done dumping #__xmap_ext
DEBUG   |140222 23:20:33|----- Finished operation 83 ------
DEBUG   |140222 23:20:33|Rows on #__xmap_items : 0
DEBUG   |140222 23:20:33|Done dumping #__xmap_items
DEBUG   |140222 23:20:33|----- Finished operation 84 ------
DEBUG   |140222 23:20:33|Rows on #__xmap_sitemap : 1
INFO    |140222 23:20:33|Beginning dump of #__xmap_sitemap
DEBUG   |140222 23:20:33|Done dumping #__xmap_sitemap
INFO    |140222 23:20:33|End of database detected; flushing the dump buffers...
DEBUG   |140222 23:20:33|Writing 87675 bytes to the dump file
INFO    |140222 23:20:33|Database has been successfully dumped to SQL file(s)
DEBUG   |140222 23:20:33|----- Finished operation 85 ------
DEBUG   |140222 23:20:33|Adding any extra SQL statements imposed by the filters
DEBUG   |140222 23:20:33|Closing SQL dump file.
DEBUG   |140222 23:20:33|Moving the SQL dump to its final location
DEBUG   |140222 23:20:33|Removing temporary file
DEBUG   |140222 23:20:33|-- Removing temporary file 82c24e0b.sql
DEBUG   |140222 23:20:33|-- Windows hack: chowning 82c24e0b.sql
DEBUG   |140222 23:20:33|Closing SQL dump file.
DEBUG   |140222 23:20:33|AECoreDomainDb :: No more databases left to iterate
DEBUG   |140222 23:20:33|----- Finished operation 86 ------
DEBUG   |140222 23:20:33|AECoreDomainDb :: Skipping databases.ini
DEBUG   |140222 23:20:33|----- Finished operation 87 ------
DEBUG   |140222 23:20:33|Successful Smart algorithm on AECoreDomainDb
DEBUG   |140222 23:20:33|Kettenrad :: Domain 'PackDB' has finished.
DEBUG   |140222 23:20:33|====== Finished Step number 1 ======
DEBUG   |140222 23:20:33|*** Engine steps batching: Break flag detected.
DEBUG   |140222 23:20:33|*** Batching of engine steps finished. I will now return control to the caller.
DEBUG   |140222 23:20:33|Sleeping for 499.500989914 msec, using usleep()
DEBUG   |140222 23:20:33|Saving Kettenrad instance backend
DEBUG   |140222 23:20:34| -- Loaded stored Akeeba Factory (backend)
DEBUG   |140222 23:20:34|====== Starting Step number 2 ======
DEBUG   |140222 23:20:34|Kettenrad :: BREAKING STEP BEFORE SWITCHING DOMAIN
DEBUG   |140222 23:20:35|----- Finished operation 1 ------
DEBUG   |140222 23:20:35|Removing temporary files
DEBUG   |140222 23:20:35|-- Removing temporary file 82c24e0b.sql
DEBUG   |140222 23:20:35|Updating statistics
DEBUG   |140222 23:20:35|Removing any old records with site-localhost-20140222-222029.sql filename
DEBUG   |140222 23:20:35|1 records found
DEBUG   |140222 23:20:35|Updating statistics with file sizes
DEBUG   |140222 23:20:35|Total size of backup archive (in bytes): 278941
DEBUG   |140222 23:20:35|Loading post-processing engine object (none)
INFO    |140222 23:20:35|Initializing post-processing engine
DEBUG   |140222 23:20:35|1 files to process found
INFO    |140222 23:20:35|Beginning post processing file <root>/administrator/components/com_akeeba/backup\site-localhost-20140222-222029.sql
INFO    |140222 23:20:35|Finished post-processing file <root>/administrator/components/com_akeeba/backup\site-localhost-20140222-222029.sql
DEBUG   |140222 23:20:35|Not removing processed file <root>/administrator/components/com_akeeba/backup\site-localhost-20140222-222029.sql
INFO    |140222 23:20:35|Post-processing has finished for all files
DEBUG   |140222 23:20:35|Processing count quotas
DEBUG   |140222 23:20:35|Applying quotas
DEBUG   |140222 23:20:35|----- Finished operation 2 ------
DEBUG   |140222 23:20:35|----- Finished operation 3 ------
DEBUG   |140222 23:20:35|Successful Smart algorithm on AECoreDomainFinalization
DEBUG   |140222 23:20:35|Kettenrad :: Domain 'finale' has finished.
DEBUG   |140222 23:20:35|====== Finished Step number 2 ======
DEBUG   |140222 23:20:35|*** Engine steps batching: Break flag detected.
DEBUG   |140222 23:20:35|*** Batching of engine steps finished. I will now return control to the caller.
DEBUG   |140222 23:20:35|Sleeping for 1825.62398911 msec, using usleep()
DEBUG   |140222 23:20:36|Saving Kettenrad instance backend
DEBUG   |140222 23:20:37| -- Loaded stored Akeeba Factory (backend)
DEBUG   |140222 23:20:37|====== Starting Step number 3 ======
DEBUG   |140222 23:20:37|Kettenrad :: BREAKING STEP BEFORE SWITCHING DOMAIN
DEBUG   |140222 23:20:37|Kettenrad :: No more domains to process
DEBUG   |140222 23:20:37|*** Engine steps batching: Break flag detected.
DEBUG   |140222 23:20:37|*** Batching of engine steps finished. I will now return control to the caller.
DEBUG   |140222 23:20:37|Sleeping for 1913.00797462 msec, using usleep()
DEBUG   |140222 23:20:39|Saving Kettenrad instance backend
DEBUG   |140222 23:20:40| -- Loaded stored Akeeba Factory (backend)
DEBUG   |140222 23:20:40|Kettenrad :: Just finished
DEBUG   |140222 23:20:40|*** Batching of engine steps finished. I will now return control to the caller.
DEBUG   |140222 23:20:40|Sleeping for 1916.64385796 msec, using usleep()
DEBUG   |140222 23:20:42|Will not save a finished Kettenrad instance
